This is cutadapt 3.5 with Python 3.8.10
Command line parameters: --action=retain --discard-untrimmed -g file:/wynton/home/rodriguez-barraquer/villars4_ucsf/library/WDL/AmplDemuxer/cromwell-executions/AmplDemuxer/004028d7-7702-4501-9b95-b6090bcfe538/call-BinByAmplicon/shard-0/inputs/-564344501/v3_fwd_primers_1B_anchored.fasta -G file:/wynton/home/rodriguez-barraquer/villars4_ucsf/library/WDL/AmplDemuxer/cromwell-executions/AmplDemuxer/004028d7-7702-4501-9b95-b6090bcfe538/call-BinByAmplicon/shard-0/inputs/-564344501/v3_rev_primers_1B_anchored.fasta --pair-adapters -o binned_R1.fastq.gz -p binned_R2.fastq.gz -e 0 --no-indels /wynton/home/rodriguez-barraquer/villars4_ucsf/library/WDL/AmplDemuxer/cromwell-executions/AmplDemuxer/004028d7-7702-4501-9b95-b6090bcfe538/call-BinByAmplicon/shard-0/inputs/-1288234388/test_S100_R1_001.fastq.gz /wynton/home/rodriguez-barraquer/villars4_ucsf/library/WDL/AmplDemuxer/cromwell-executions/AmplDemuxer/004028d7-7702-4501-9b95-b6090bcfe538/call-BinByAmplicon/shard-0/inputs/-1288234388/test_S100_R2_001.fastq.gz
WARNING: Adapter 'TCATTACGAGGATTATCATTTTTATCAGAATTT' (anchored 5') was specified multiple times! Please make sure that this is what you want.
Processing reads on 1 core in paired-end mode ...
Finished in 0.05 s (2182 µs/read; 0.03 M reads/minute).

=== Summary ===

Total read pairs processed:                 25
  Read 1 with adapter:                       0 (0.0%)
  Read 2 with adapter:                       0 (0.0%)

== Read fate breakdown ==
Pairs discarded as untrimmed:               25 (100.0%)
Pairs written (passing filters):             0 (0.0%)

Total basepairs processed:         7,350 bp
  Read 1:         3,675 bp
  Read 2:         3,675 bp
Total written (filtered):              0 bp (0.0%)
  Read 1:             0 bp
  Read 2:             0 bp

=== First read: Adapter PKNH_12_v2-0198869-0199113-1B ===

Sequence: CTCCAATAAAGTGGAACAGACAAGA; Type: anchored 5'; Length: 25; Trimmed: 0 times

=== First read: Adapter Pf3D7_01_v3-0194742-0194973-1B ===

Sequence: GGAAATGACCAAGACGTGAACC; Type: anchored 5'; Length: 22; Trimmed: 0 times

=== First read: Adapter Pf3D7_03_v3-0221185-0221419-1B ===

Sequence: AATTAATCGCAAACGTAATTAAATATTCACAAA; Type: anchored 5'; Length: 33; Trimmed: 0 times

=== First read: Adapter Pf3D7_03_v3-0221463-0221712-1B ===

Sequence: TAGCAGAGCCAGGCTTTATTCT; Type: anchored 5'; Length: 22; Trimmed: 0 times

=== First read: Adapter Pf3D7_03_v3-0980765-0980997-1B ===

Sequence: GGAAATCATCATAGATAACACTATTGCCTATT; Type: anchored 5'; Length: 32; Trimmed: 0 times

=== First read: Adapter Pf3D7_03_v3-0981574-0981823-1B ===

Sequence: TTTACAATATCTGTTTCTTCATTATAAGCACAC; Type: anchored 5'; Length: 33; Trimmed: 0 times

=== First read: Adapter Pf3D7_03_v3-0981921-0982191-1B ===

Sequence: AGATTCACAATCATTTGGACGTTCA; Type: anchored 5'; Length: 25; Trimmed: 0 times

=== First read: Adapter Pf3D7_03_v3-0982299-0982523-1B ===

Sequence: GTTTATATTATTACTATTTGTGTGTGGATCTGT; Type: anchored 5'; Length: 33; Trimmed: 0 times

=== First read: Adapter Pf3D7_04_v3-0748105-0748359-1B ===

Sequence: CGACGTTTTCGATATTTATGCCAT; Type: anchored 5'; Length: 24; Trimmed: 0 times

=== First read: Adapter Pf3D7_04_v3-0748374-0748611-1B ===

Sequence: AAAAATTACAAAATGTTGTAGTTATGGGAAGAA; Type: anchored 5'; Length: 33; Trimmed: 0 times

=== First read: Adapter Pf3D7_04_v3-1077327-1077562-1B ===

Sequence: TGGAAATGATAATAATTTCGCTGAGTGTTATAT; Type: anchored 5'; Length: 33; Trimmed: 0 times

=== First read: Adapter Pf3D7_04_v3-1082776-1083049-1B ===

Sequence: TTTGTTGTAAAATATTTGTCATATCTGATAGGT; Type: anchored 5'; Length: 33; Trimmed: 0 times

=== First read: Adapter Pf3D7_04_v3-1083095-1083331-1B ===

Sequence: ACTATCTGTATCTTGTATACTATCTTCTACCT; Type: anchored 5'; Length: 32; Trimmed: 0 times

=== First read: Adapter Pf3D7_04_v3-1083411-1083668-1B ===

Sequence: TGAGGTATTATAACAAAATCCAAATGTCCTTC; Type: anchored 5'; Length: 32; Trimmed: 0 times

=== First read: Adapter Pf3D7_05_v3-0958079-0958350-1B ===

Sequence: GCTGTATTATCAGGAGGAACATTACCT; Type: anchored 5'; Length: 27; Trimmed: 0 times

=== First read: Adapter Pf3D7_05_v3-0958372-0958608-1B ===

Sequence: AGTGAGTTCAGGAATTGGTACGA; Type: anchored 5'; Length: 23; Trimmed: 0 times

=== First read: Adapter Pf3D7_05_v3-0958920-0959168-1B ===

Sequence: TGAAAGCTTTAGAAGCAACAAATAGTTTATATG; Type: anchored 5'; Length: 33; Trimmed: 0 times

=== First read: Adapter Pf3D7_05_v3-0960810-0961048-1B ===

Sequence: CAGATGATGAAATGTTTAAAGATCCAAGTTTT; Type: anchored 5'; Length: 32; Trimmed: 0 times

=== First read: Adapter Pf3D7_05_v3-0961511-0961758-1B ===

Sequence: AAAAATGTAAATGAATTTTCAAACCAATCTGGA; Type: anchored 5'; Length: 33; Trimmed: 0 times

=== First read: Adapter Pf3D7_06_v3-1214815-1215069-1B ===

Sequence: AACTTGTAATATTACGCTTCTAAATGTTGAT; Type: anchored 5'; Length: 31; Trimmed: 0 times

=== First read: Adapter Pf3D7_06_v3-1215236-1215502-1B ===

Sequence: ACAAAACCAAATGACAATCCAAAATCTATAAT; Type: anchored 5'; Length: 32; Trimmed: 0 times

=== First read: Adapter Pf3D7_06_v3-1215495-1215756-1B ===

Sequence: CACCACCAGGTGTAAATCGAC; Type: anchored 5'; Length: 21; Trimmed: 0 times

=== First read: Adapter Pf3D7_07_v3-0403479-0403716-1B ===

Sequence: GACCTTAACAGATGGCTCACG; Type: anchored 5'; Length: 21; Trimmed: 0 times

=== First read: Adapter Pf3D7_07_v3-0403801-0404052-1B ===

Sequence: ATCTATTCCACCTACCAATATAAAACATTACAC; Type: anchored 5'; Length: 33; Trimmed: 0 times

=== First read: Adapter Pf3D7_07_v3-0404325-0404590-1B ===

Sequence: AACAATAGCTCTTGTAGAAATGAAATTATCTTT; Type: anchored 5'; Length: 33; Trimmed: 0 times

=== First read: Adapter Pf3D7_07_v3-0404776-0405006-1B ===

Sequence: TTTTTCCAATTGTTCACTTCTTGTCTTATATTA; Type: anchored 5'; Length: 33; Trimmed: 0 times

=== First read: Adapter Pf3D7_07_v3-0405334-0405576-1B ===

Sequence: AAAACCTTCGCATTGTTTTCCTTC; Type: anchored 5'; Length: 24; Trimmed: 0 times

=== First read: Adapter Pf3D7_07_v3-0405570-0405844-1B ===

Sequence: CTATTGTTAGTTGTATACAAGGTCCAGC; Type: anchored 5'; Length: 28; Trimmed: 0 times

=== First read: Adapter Pf3D7_07_v3-0896613-0896849-1B ===

Sequence: AATACATATAGAAAAGATGATAGAAGAAGCTCC; Type: anchored 5'; Length: 33; Trimmed: 0 times

=== First read: Adapter Pf3D7_08_v3-0549583-0549807-1B ===

Sequence: CAGATGGAGGTATTTTTGTTGAACCTA; Type: anchored 5'; Length: 27; Trimmed: 0 times

=== First read: Adapter Pf3D7_08_v3-0549960-0550215-1B ===

Sequence: ATGCATAAAAGAGGAAATCCACATACAAT; Type: anchored 5'; Length: 29; Trimmed: 0 times

=== First read: Adapter Pf3D7_08_v3-1365709-1365954-1B ===

Sequence: TTTCTGAATCATCTTTTGGTATTTTTGTTTTCA; Type: anchored 5'; Length: 33; Trimmed: 0 times

=== First read: Adapter Pf3D7_08_v3-1366626-1366856-1B ===

Sequence: AATCTTCTTAATGATTTTGAATTTTTGGAAACA; Type: anchored 5'; Length: 33; Trimmed: 0 times

=== First read: Adapter Pf3D7_08_v3-1370603-1370853-1B ===

Sequence: AAATCTGGAATAGGAACAAAGTGATTATGG; Type: anchored 5'; Length: 30; Trimmed: 0 times

=== First read: Adapter Pf3D7_08_v3-1375025-1375284-1B ===

Sequence: ATTTAAATTAAGTCCTTTTGCATTTTTGCTAC; Type: anchored 5'; Length: 32; Trimmed: 0 times

=== First read: Adapter Pf3D7_08_v3-1386795-1387043-1B ===

Sequence: CATAAGCGTGTTAGTAGTTTCAGTTGT; Type: anchored 5'; Length: 27; Trimmed: 0 times

=== First read: Adapter Pf3D7_10_v3-0490605-0490877-1B ===

Sequence: AATACATATGTTTTTAGATGATGATTTTGAGGG; Type: anchored 5'; Length: 33; Trimmed: 0 times

=== First read: Adapter Pf3D7_11_v3-1902034-1902278-1B ===

Sequence: AGATTGGACATATGTCTCTTCATTTATCAGA; Type: anchored 5'; Length: 31; Trimmed: 0 times

=== First read: Adapter Pf3D7_11_v3-1950401-1950636-1B ===

Sequence: GCATGATGAGAGTTGTGATGAATTCT; Type: anchored 5'; Length: 26; Trimmed: 0 times

=== First read: Adapter Pf3D7_11_v3-1968031-1968273-1B ===

Sequence: CGTATTGTAGAAGATACTTCACATGTTAATAAT; Type: anchored 5'; Length: 33; Trimmed: 0 times

=== First read: Adapter Pf3D7_11_v3-2001721-2001954-1B ===

Sequence: CAGGAAAAAGTTCCTAAAGAATCTAAAAATACC; Type: anchored 5'; Length: 33; Trimmed: 0 times

=== First read: Adapter Pf3D7_11_v3-2001969-2002222-1B ===

Sequence: AAAAACATCACATAGGAAAGAAGTTGATGA; Type: anchored 5'; Length: 30; Trimmed: 0 times

=== First read: Adapter Pf3D7_12_v3-2092529-2092798-1B ===

Sequence: ATGATTTGTTCATATTATAGGTACCATGGC; Type: anchored 5'; Length: 30; Trimmed: 0 times

=== First read: Adapter Pf3D7_13_v3-0748254-0748510-1B ===

Sequence: GGAAATTTTATCATTCCCCATTTCAATCATATC; Type: anchored 5'; Length: 33; Trimmed: 0 times

=== First read: Adapter Pf3D7_13_v3-0958247-0958510-1B ===

Sequence: TTTGATGAATTTGTTGTAACGTTTTGGTT; Type: anchored 5'; Length: 29; Trimmed: 0 times

=== First read: Adapter Pf3D7_13_v3-1041593-1041860-1B ===

Sequence: AGATTATTGGTTTAGGTGGTGTATTAGATACA; Type: anchored 5'; Length: 32; Trimmed: 0 times

=== First read: Adapter Pf3D7_13_v3-1724895-1725166-1B ===

Sequence: TGGTGAAAAGAAATGACATGAATTTAGAACT; Type: anchored 5'; Length: 31; Trimmed: 0 times

=== First read: Adapter Pf3D7_13_v3-1725208-1725471-1B ===

Sequence: CTCTCACCATTAGTTCCACCAATG; Type: anchored 5'; Length: 24; Trimmed: 0 times

=== First read: Adapter Pf3D7_13_v3-1725464-1725719-1B ===

Sequence: CATACACCTCAGTTTCAAATAAAGCCTTAT; Type: anchored 5'; Length: 30; Trimmed: 0 times

=== First read: Adapter Pf3D7_13_v3-1725713-1725955-1B ===

Sequence: ACAAGGCTTCACTTTCACTTAAATCTTT; Type: anchored 5'; Length: 28; Trimmed: 0 times

=== First read: Adapter Pf3D7_13_v3-1726057-1726304-1B ===

Sequence: TCGATTTCTTGTAAAAATCTTAATCTTTCTTCA; Type: anchored 5'; Length: 33; Trimmed: 0 times

=== First read: Adapter Pf3D7_13_v3-1726723-1726995-1B ===

Sequence: TTTTTACTATCAAAGTTCGAATCTAATACACTC; Type: anchored 5'; Length: 33; Trimmed: 0 times

=== First read: Adapter Pf3D7_13_v3-2504481-2504734-1B ===

Sequence: AATTTACCTGAAGACGTTAAAAATGTAAAGTAC; Type: anchored 5'; Length: 33; Trimmed: 0 times

=== First read: Adapter Pf3D7_13_v3-2770621-2770854-1B ===

Sequence: GCAACACATCGATTTTATCAAAAGGAAA; Type: anchored 5'; Length: 28; Trimmed: 0 times

=== First read: Adapter Pf3D7_13_v3-2780346-2780575-1B ===

Sequence: AAAAATGAGGGCCGGTAGTTC; Type: anchored 5'; Length: 21; Trimmed: 0 times

=== First read: Adapter Pf3D7_13_v3-2814606-2814855-1B ===

Sequence: GCTGAAAAGGGTCAGTCTTCTAATT; Type: anchored 5'; Length: 25; Trimmed: 0 times

=== First read: Adapter Pf3D7_13_v3-2816310-2816554-1B ===

Sequence: GGTGGAGAGGTAACACATACTGAT; Type: anchored 5'; Length: 24; Trimmed: 0 times

=== First read: Adapter Pf3D7_13_v3-2840462-2840736-1B ===

Sequence: AAATCGCTATCCTATAAATTACAAAACAAGAAT; Type: anchored 5'; Length: 33; Trimmed: 0 times

=== First read: Adapter Pf3D7_14_v3-0283973-0284211-1B ===

Sequence: TGATTTTTATGAAGGACCTTTAACTTATGAAAA; Type: anchored 5'; Length: 33; Trimmed: 0 times

=== First read: Adapter Pf3D7_14_v3-0289301-0289550-1B ===

Sequence: TGTTGACAGTGGTACTAGTTCTATAACG; Type: anchored 5'; Length: 28; Trimmed: 0 times

=== First read: Adapter Pf3D7_14_v3-0293575-0293829-1B ===

Sequence: ACAGAAAGGATTTCAAATACTATATGTACTTCT; Type: anchored 5'; Length: 33; Trimmed: 0 times

=== First read: Adapter Pf3D7_14_v3-0294506-0294753-1B ===

Sequence: GTACCAACTGACTTTTTAAATAAAATGTTGCA; Type: anchored 5'; Length: 32; Trimmed: 0 times

=== First read: Adapter Pf3D7_14_v3-0297935-0298162-1B ===

Sequence: CCATACAGCTTCATCTAATGTATGGG; Type: anchored 5'; Length: 26; Trimmed: 0 times

=== First read: Adapter Pf3D7_14_v3-0860289-0860542-1B ===

Sequence: CACAAGGAAACCTGTATGTGTTACAT; Type: anchored 5'; Length: 26; Trimmed: 0 times

=== First read: Adapter Pf3D7_14_v3-0860834-0861066-1B ===

Sequence: GAAATTGGAGATGAAAGTACAGATTCTAGTTC; Type: anchored 5'; Length: 32; Trimmed: 0 times

=== First read: Adapter Pf3D7_14_v3-1956056-1956330-1B ===

Sequence: ATGATATACATTATCCATCTCATTTGCTTTTGT; Type: anchored 5'; Length: 33; Trimmed: 0 times

=== First read: Adapter Pf3D7_14_v3-2481033-2481276-1B ===

Sequence: GTTTCATTTTAGATTTACCTTTTTGCGATCTC; Type: anchored 5'; Length: 32; Trimmed: 0 times

=== First read: Adapter PmUG01_12_v1-1397996-1398245-1B ===

Sequence: CATTTCAATAATAGCAGCAGCTGGA; Type: anchored 5'; Length: 25; Trimmed: 0 times

=== First read: Adapter PocGH01_12_v1-1106456-1106697-1B ===

Sequence: GTGGAGCATATCAAAACCTTTTTCAAA; Type: anchored 5'; Length: 27; Trimmed: 0 times

=== First read: Adapter PvP01_12_v1-1184983-1185208-1B ===

Sequence: CCTCTAGTAGAGTGGAACAAACAAG; Type: anchored 5'; Length: 25; Trimmed: 0 times

=== First read: Adapter Pf3D7_10_v3-0490605-0490877-1Bd ===

Sequence: AATACATATGTTTTTAGATGATCATTTTGAGGG; Type: anchored 5'; Length: 33; Trimmed: 0 times

=== Second read: Adapter PKNH_12_v2-0198869-0199113-1B ===

Sequence: ATAAAATGGTGCTTCTGAAAAGATACATCA; Type: anchored 5'; Length: 30; Trimmed: 0 times

=== Second read: Adapter Pf3D7_01_v3-0194742-0194973-1B ===

Sequence: TGTTTGAAAAGAACTCTAGCCCTTTATTATC; Type: anchored 5'; Length: 31; Trimmed: 0 times

=== Second read: Adapter Pf3D7_03_v3-0221185-0221419-1B ===

Sequence: AAAAATTTGTAAAATGGAAAAATGTTCCAGT; Type: anchored 5'; Length: 31; Trimmed: 0 times

=== Second read: Adapter Pf3D7_03_v3-0221463-0221712-1B ===

Sequence: AATGCAAATCCTAATAAAAACAATCAAGGTAAT; Type: anchored 5'; Length: 33; Trimmed: 0 times

=== Second read: Adapter Pf3D7_03_v3-0980765-0980997-1B ===

Sequence: ATTCCAATATAATGACGATGCATCTATTATTCT; Type: anchored 5'; Length: 33; Trimmed: 0 times

=== Second read: Adapter Pf3D7_03_v3-0981574-0981823-1B ===

Sequence: TTCCAGACAACAAATGTGATCTTTCA; Type: anchored 5'; Length: 26; Trimmed: 0 times

=== Second read: Adapter Pf3D7_03_v3-0981921-0982191-1B ===

Sequence: AGGATGTAATGATTTGCTTTTGACGAAT; Type: anchored 5'; Length: 28; Trimmed: 0 times

=== Second read: Adapter Pf3D7_03_v3-0982299-0982523-1B ===

Sequence: ACTTCAGATAAGAATTCACATCTTCATTCTAA; Type: anchored 5'; Length: 32; Trimmed: 0 times

=== Second read: Adapter Pf3D7_04_v3-0748105-0748359-1B ===

Sequence: TCATTTACATTATCCACAGTTTCTTTGTTTAAA; Type: anchored 5'; Length: 33; Trimmed: 0 times

=== Second read: Adapter Pf3D7_04_v3-0748374-0748611-1B ===

Sequence: TCTAAAAATTCTTGATAAACAACGGAACCT; Type: anchored 5'; Length: 30; Trimmed: 0 times

=== Second read: Adapter Pf3D7_04_v3-1077327-1077562-1B ===

Sequence: TTTTTATCCTTGCAGTAACCCCTTTT; Type: anchored 5'; Length: 26; Trimmed: 0 times

=== Second read: Adapter Pf3D7_04_v3-1082776-1083049-1B ===

Sequence: ACGTTTAAAAAGATGATGGATGAATATAATACA; Type: anchored 5'; Length: 33; Trimmed: 0 times

=== Second read: Adapter Pf3D7_04_v3-1083095-1083331-1B ===

Sequence: GCTGTAGATGCTTTTATTAAGAAAATAAATGAA; Type: anchored 5'; Length: 33; Trimmed: 0 times

=== Second read: Adapter Pf3D7_04_v3-1083411-1083668-1B ===

Sequence: TGATGGTTTAAAATATTTGTTTATTCCTTCTCA; Type: anchored 5'; Length: 33; Trimmed: 0 times

=== Second read: Adapter Pf3D7_05_v3-0958079-0958350-1B ===

Sequence: TCAGATCTTAATTTAGATCCAGGATTATTATCA; Type: anchored 5'; Length: 33; Trimmed: 0 times

=== Second read: Adapter Pf3D7_05_v3-0958372-0958608-1B ===

Sequence: CCCATTAAAGCCTCTTCTATAATGGACA; Type: anchored 5'; Length: 28; Trimmed: 0 times

=== Second read: Adapter Pf3D7_05_v3-0958920-0959168-1B ===

Sequence: CAATTAATTTTAGTATGGTTGATTTCCCACAAC; Type: anchored 5'; Length: 33; Trimmed: 0 times

=== Second read: Adapter Pf3D7_05_v3-0960810-0961048-1B ===

Sequence: AATTAAGAAGGATCCAAACCAATAGGC; Type: anchored 5'; Length: 27; Trimmed: 0 times

=== Second read: Adapter Pf3D7_05_v3-0961511-0961758-1B ===

Sequence: ATAGCAGCAAACTTACTAACACGTTTAA; Type: anchored 5'; Length: 28; Trimmed: 0 times

=== Second read: Adapter Pf3D7_06_v3-1214815-1215069-1B ===

Sequence: TTCTTAATCTTTTCCTTATTCTCCTTATCCATA; Type: anchored 5'; Length: 33; Trimmed: 0 times

=== Second read: Adapter Pf3D7_06_v3-1215236-1215502-1B ===

Sequence: TGGTGGTGTTAGATCTAGTACGG; Type: anchored 5'; Length: 23; Trimmed: 0 times

=== Second read: Adapter Pf3D7_06_v3-1215495-1215756-1B ===

Sequence: AAAAACGAGTCATCAAAAAGTAGTAAGAA; Type: anchored 5'; Length: 29; Trimmed: 0 times

=== Second read: Adapter Pf3D7_07_v3-0403479-0403716-1B ===

Sequence: AAAGAACATAATCATACAAATAAAGTTGTGAGT; Type: anchored 5'; Length: 33; Trimmed: 0 times

=== Second read: Adapter Pf3D7_07_v3-0403801-0404052-1B ===

Sequence: CAAATGATTGGATATTTCCAGTAGTTCTTGT; Type: anchored 5'; Length: 31; Trimmed: 0 times

=== Second read: Adapter Pf3D7_07_v3-0404325-0404590-1B ===

Sequence: TCATGTTTGAAAAGCATACAGGCTAA; Type: anchored 5'; Length: 26; Trimmed: 0 times

=== Second read: Adapter Pf3D7_07_v3-0404776-0405006-1B ===

Sequence: GTTTCTTCCCAAGAATAAACATGCG; Type: anchored 5'; Length: 25; Trimmed: 0 times

=== Second read: Adapter Pf3D7_07_v3-0405334-0405576-1B ===

Sequence: ACAATAGTATATGTCATGGTAGAAAATTTGTCG; Type: anchored 5'; Length: 33; Trimmed: 0 times

=== Second read: Adapter Pf3D7_07_v3-0405570-0405844-1B ===

Sequence: GGTTCTCTTACAACATCACCCTATAAAAT; Type: anchored 5'; Length: 29; Trimmed: 0 times

=== Second read: Adapter Pf3D7_07_v3-0896613-0896849-1B ===

Sequence: TTTTCATATTCTGTCGAGGATAACAATTCAATA; Type: anchored 5'; Length: 33; Trimmed: 0 times

=== Second read: Adapter Pf3D7_08_v3-0549583-0549807-1B ===

Sequence: TTGGTTTCGCATCACATTTAACAATTTTATT; Type: anchored 5'; Length: 31; Trimmed: 0 times

=== Second read: Adapter Pf3D7_08_v3-0549960-0550215-1B ===

Sequence: GGGCAATAAATCTTTTTCTTGAATATCCAATAA; Type: anchored 5'; Length: 33; Trimmed: 0 times

=== Second read: Adapter Pf3D7_08_v3-1365709-1365954-1B ===

Sequence: ATGTAACAGCATTAGATAAAGGTACTGGTA; Type: anchored 5'; Length: 30; Trimmed: 0 times

=== Second read: Adapter Pf3D7_08_v3-1366626-1366856-1B ===

Sequence: AAAAGGAAAAGGTGAACAAAATATTCTTATTTT; Type: anchored 5'; Length: 33; Trimmed: 0 times

=== Second read: Adapter Pf3D7_08_v3-1370603-1370853-1B ===

Sequence: GCAACAATGAGAAAATGAATTTGCACAA; Type: anchored 5'; Length: 28; Trimmed: 0 times

=== Second read: Adapter Pf3D7_08_v3-1375025-1375284-1B ===

Sequence: AAAAATAAAGTATTATCCGCTGCCG; Type: anchored 5'; Length: 25; Trimmed: 0 times

=== Second read: Adapter Pf3D7_08_v3-1386795-1387043-1B ===

Sequence: CTTTGAATGGTGTTCCATTGAAATCAATTA; Type: anchored 5'; Length: 30; Trimmed: 0 times

=== Second read: Adapter Pf3D7_10_v3-0490605-0490877-1B ===

Sequence: TCATTACGAGGATTATCATTTTTATCAGAATTT; Type: anchored 5'; Length: 33; Trimmed: 0 times

=== Second read: Adapter Pf3D7_11_v3-1902034-1902278-1B ===

Sequence: CTGCCCAAATACCCCAATAGT; Type: anchored 5'; Length: 21; Trimmed: 0 times

=== Second read: Adapter Pf3D7_11_v3-1950401-1950636-1B ===

Sequence: GAGATTTACAAACGTCTAAACCATTTTCAC; Type: anchored 5'; Length: 30; Trimmed: 0 times

=== Second read: Adapter Pf3D7_11_v3-1968031-1968273-1B ===

Sequence: GCACTTTATATTGTCTTTTAGTTCTGGTTTT; Type: anchored 5'; Length: 31; Trimmed: 0 times

=== Second read: Adapter Pf3D7_11_v3-2001721-2001954-1B ===

Sequence: AAAAACACCTTCCTTCATATGATCC; Type: anchored 5'; Length: 25; Trimmed: 0 times

=== Second read: Adapter Pf3D7_11_v3-2001969-2002222-1B ===

Sequence: CTTCTTCATCTCCTGGATTCTTGT; Type: anchored 5'; Length: 24; Trimmed: 0 times

=== Second read: Adapter Pf3D7_12_v3-2092529-2092798-1B ===

Sequence: TCTTATGACCATTTAATATACATAAAGGATCCT; Type: anchored 5'; Length: 33; Trimmed: 0 times

=== Second read: Adapter Pf3D7_13_v3-0748254-0748510-1B ===

Sequence: TGATGATCAAAGTTATTTAGATGAAGAGCAAAT; Type: anchored 5'; Length: 33; Trimmed: 0 times

=== Second read: Adapter Pf3D7_13_v3-0958247-0958510-1B ===

Sequence: TCATGTGAAAAATGAAGAGCATGAGAAT; Type: anchored 5'; Length: 28; Trimmed: 0 times

=== Second read: Adapter Pf3D7_13_v3-1041593-1041860-1B ===

Sequence: GGTGATGCATGTAAGTTTACAATTTCTAATG; Type: anchored 5'; Length: 31; Trimmed: 0 times

=== Second read: Adapter Pf3D7_13_v3-1724895-1725166-1B ===

Sequence: GGGAACAATTTCCATATGCCTTATTAGAA; Type: anchored 5'; Length: 29; Trimmed: 0 times

=== Second read: Adapter Pf3D7_13_v3-1725208-1725471-1B ===

Sequence: GGTGTATGATCGTTTAAGAGATGTATGGTA; Type: anchored 5'; Length: 30; Trimmed: 0 times

=== Second read: Adapter Pf3D7_13_v3-1725464-1725719-1B ===

Sequence: GCCTTGTTGAAAGAAGCAGAATTTT; Type: anchored 5'; Length: 25; Trimmed: 0 times

=== Second read: Adapter Pf3D7_13_v3-1725713-1725955-1B ===

Sequence: CTGAAACTATGATTGATATTAATGTTGGTGGA; Type: anchored 5'; Length: 32; Trimmed: 0 times

=== Second read: Adapter Pf3D7_13_v3-1726057-1726304-1B ===

Sequence: AAGACACAAATGAATTTTATTCGAGAAAAAGAT; Type: anchored 5'; Length: 33; Trimmed: 0 times

=== Second read: Adapter Pf3D7_13_v3-1726723-1726995-1B ===

Sequence: GGAAGGAGAAAAAGTAAAAACAAAAGCA; Type: anchored 5'; Length: 28; Trimmed: 0 times

=== Second read: Adapter Pf3D7_13_v3-2504481-2504734-1B ===

Sequence: TTTTTATAACTATCCCATTCGATATCTATACCT; Type: anchored 5'; Length: 33; Trimmed: 0 times

=== Second read: Adapter Pf3D7_13_v3-2770621-2770854-1B ===

Sequence: TTTTTCAATTATCGAGGGTAAACTTATTAGATT; Type: anchored 5'; Length: 33; Trimmed: 0 times

=== Second read: Adapter Pf3D7_13_v3-2780346-2780575-1B ===

Sequence: GTATTTCTGAAGGACTATATATGGAACAATTCA; Type: anchored 5'; Length: 33; Trimmed: 0 times

=== Second read: Adapter Pf3D7_13_v3-2814606-2814855-1B ===

Sequence: GAGGATTTATTGTTTCCTTATTCCCTTGA; Type: anchored 5'; Length: 29; Trimmed: 0 times

=== Second read: Adapter Pf3D7_13_v3-2816310-2816554-1B ===

Sequence: CTTGTAGAAGGAATAGATACACCATCCT; Type: anchored 5'; Length: 28; Trimmed: 0 times

=== Second read: Adapter Pf3D7_13_v3-2840462-2840736-1B ===

Sequence: ACACCATTAAATCCATTTAATCGAAGATTAAAA; Type: anchored 5'; Length: 33; Trimmed: 0 times

=== Second read: Adapter Pf3D7_14_v3-0283973-0284211-1B ===

Sequence: GTAAATCATCGTTATCACAGGTGGTTA; Type: anchored 5'; Length: 27; Trimmed: 0 times

=== Second read: Adapter Pf3D7_14_v3-0289301-0289550-1B ===

Sequence: GTTCAAATCAACAGGTATTATAGATACCATACA; Type: anchored 5'; Length: 33; Trimmed: 0 times

=== Second read: Adapter Pf3D7_14_v3-0293575-0293829-1B ===

Sequence: GTTTTAGTAAGTCCTGAATTAAGAAAATTGACA; Type: anchored 5'; Length: 33; Trimmed: 0 times

=== Second read: Adapter Pf3D7_14_v3-0294506-0294753-1B ===

Sequence: GGGTCACCTAGAATAAAGGTTGG; Type: anchored 5'; Length: 23; Trimmed: 0 times

=== Second read: Adapter Pf3D7_14_v3-0297935-0298162-1B ===

Sequence: ACAATTTCCGTCATTTCAATAAATTTATAGGGT; Type: anchored 5'; Length: 33; Trimmed: 0 times

=== Second read: Adapter Pf3D7_14_v3-0860289-0860542-1B ===

Sequence: ACTATTACTTAATAAACAAGTCGTAGATGTTTT; Type: anchored 5'; Length: 33; Trimmed: 0 times

=== Second read: Adapter Pf3D7_14_v3-0860834-0861066-1B ===

Sequence: TTCATAGAAGAGGTAACATCACCATCAT; Type: anchored 5'; Length: 28; Trimmed: 0 times

=== Second read: Adapter Pf3D7_14_v3-1956056-1956330-1B ===

Sequence: GGTATTCTAGTAAAAATTCGGGTGGTATC; Type: anchored 5'; Length: 29; Trimmed: 0 times

=== Second read: Adapter Pf3D7_14_v3-2481033-2481276-1B ===

Sequence: GAAATTTACAACTGGAAGGTGAAAAACATAC; Type: anchored 5'; Length: 31; Trimmed: 0 times

=== Second read: Adapter PmUG01_12_v1-1397996-1398245-1B ===

Sequence: ATCACAAAAATTAAATGTTTGTCCAAGAGATG; Type: anchored 5'; Length: 32; Trimmed: 0 times

=== Second read: Adapter PocGH01_12_v1-1106456-1106697-1B ===

Sequence: CATGGCAATAAAATGGTTGTGTTGAA; Type: anchored 5'; Length: 26; Trimmed: 0 times

=== Second read: Adapter PvP01_12_v1-1184983-1185208-1B ===

Sequence: AGGTACATCACAGTTGGAGGTATC; Type: anchored 5'; Length: 24; Trimmed: 0 times

=== Second read: Adapter Pf3D7_10_v3-0490605-0490877-1Bd ===

Sequence: TCATTACGAGGATTATCATTTTTATCAGAATTT; Type: anchored 5'; Length: 33; Trimmed: 0 times
